<?xml version="1.0" encoding="UTF-8"?>
<testng-results ignored="0" total="1" passed="1" failed="0" skipped="0">
  <reporter-output>
  </reporter-output>
  <suite started-at="2026-02-25T17:09:11 GMT" name="Suite" finished-at="2026-02-25T17:09:21 GMT" duration-ms="10295">
    <groups>
      <group name="smoke">
        <method signature="TC001_RegistrationTests.testAccountRegistration()[pri:1, instance:tests.TC001_RegistrationTests@72d1ad2e]" name="testAccountRegistration" class="tests.TC001_RegistrationTests"/>
      </group> <!-- smoke -->
    </groups>
    <test started-at="2026-02-25T17:09:11 GMT" name="MainTest-Firefox" finished-at="2026-02-25T17:09:21 GMT" duration-ms="10295">
      <class name="tests.TC001_RegistrationTests">
        <test-method is-config="true" signature="setUp(java.lang.String,java.lang.String)[pri:0, instance:tests.TC001_RegistrationTests@72d1ad2e]" started-at="2026-02-25T17:09:11 GMT" name="setUp" finished-at="2026-02-25T17:09:17 GMT" duration-ms="6226" status="PASS">
          <params>
            <param index="0">
              <value>
                <![CDATA[Linux]]>
              </value>
            </param>
            <param index="1">
              <value>
                <![CDATA[Firefox]]>
              </value>
            </param>
          </params>
          <reporter-output>
          </reporter-output>
        </test-method> <!-- setUp -->
        <test-method signature="testAccountRegistration()[pri:1, instance:tests.TC001_RegistrationTests@72d1ad2e]" started-at="2026-02-25T17:09:17 GMT" name="testAccountRegistration" finished-at="2026-02-25T17:09:20 GMT" duration-ms="3176" status="PASS">
          <reporter-output>
          </reporter-output>
        </test-method> <!-- testAccountRegistration -->
        <test-method is-config="true" signature="tearDown()[pri:0, instance:tests.TC001_RegistrationTests@72d1ad2e]" started-at="2026-02-25T17:09:20 GMT" name="tearDown" finished-at="2026-02-25T17:09:21 GMT" duration-ms="665" status="PASS">
          <reporter-output>
          </reporter-output>
        </test-method> <!-- tearDown -->
      </class> <!-- tests.TC001_RegistrationTests -->
    </test> <!-- MainTest-Firefox -->
  </suite> <!-- Suite -->
</testng-results>
