<?xml version="1.0" encoding="UTF-8"?>
<testng-results ignored="0" total="12" passed="10" failed="2" skipped="0">
  <reporter-output>
  </reporter-output>
  <suite started-at="2026-02-08T18:45:16 GMT" name="Suite" finished-at="2026-02-08T18:46:35 GMT" duration-ms="78611">
    <groups>
      <group name="datadriven">
        <method signature="TC003_SearchTestsDDT.testSearchWithDataProvider(java.lang.String,java.lang.String,java.lang.String,java.lang.String,java.lang.String)[pri:1, instance:tests.TC003_SearchTests@c8c12ac]" name="testSearchWithDataProvider" class="tests.TC003_SearchTests"/>
        <method signature="TC002_LoginTests.testLoginWithInvalidCredentials(java.lang.String,java.lang.String,java.lang.String)[pri:2, instance:tests.TC002_LoginTests@8f4ea7c]" name="testLoginWithInvalidCredentials" class="tests.TC002_LoginTests"/>
      </group> <!-- datadriven -->
      <group name="smoke">
        <method signature="TC001_RegistrationTests.testAccountRegistration()[pri:1, instance:tests.TC001_RegistrationTests@5158b42f]" name="testAccountRegistration" class="tests.TC001_RegistrationTests"/>
        <method signature="TC002_LoginTests.testLoginWithValidCredentials()[pri:1, instance:tests.TC002_LoginTests@8f4ea7c]" name="testLoginWithValidCredentials" class="tests.TC002_LoginTests"/>
        <method signature="TC004_AddToCartTests.testAddToCartFromProductPage()[pri:1, instance:tests.TC004_AddToCartTests@72967906]" name="testAddToCartFromProductPage" class="tests.TC004_AddToCartTests"/>
      </group> <!-- smoke -->
    </groups>
    <test started-at="2026-02-08T18:45:16 GMT" name="MainTest-Firefox" finished-at="2026-02-08T18:46:35 GMT" duration-ms="78611">
      <class name="tests.TC003_SearchTests">
        <test-method is-config="true" signature="setUp(java.lang.String,java.lang.String)[pri:0, instance:tests.TC003_SearchTests@c8c12ac]" started-at="2026-02-08T18:45:59 GMT" name="setUp" finished-at="2026-02-08T18:46:03 GMT" duration-ms="4137" status="PASS">
          <params>
            <param index="0">
              <value>
                <![CDATA[Linux]]>
              </value>
            </param>
            <param index="1">
              <value>
                <![CDATA[Firefox]]>
              </value>
            </param>
          </params>
          <reporter-output>
          </reporter-output>
        </test-method> <!-- setUp -->
        <test-method signature="testSearchWithDataProvider(java.lang.String,java.lang.String,java.lang.String,java.lang.String,java.lang.String)[pri:1, instance:tests.TC003_SearchTests@c8c12ac]" started-at="2026-02-08T18:46:04 GMT" name="testSearchWithDataProvider" data-provider="searchData" finished-at="2026-02-08T18:46:04 GMT" duration-ms="903" status="PASS">
          <params>
            <param index="0">
              <value>
                <![CDATA[macbook]]>
              </value>
            </param>
            <param index="1">
              <value>
                <![CDATA[yes]]>
              </value>
            </param>
            <param index="2">
              <value>
                <![CDATA[Search - macbook]]>
              </value>
            </param>
            <param index="3">
              <value>
                <![CDATA[https://tutorialsninja.com/demo/index.php?route=product/search&search=macbook]]>
              </value>
            </param>
            <param index="4">
              <value>
                <![CDATA[N/A]]>
              </value>
            </param>
          </params>
          <reporter-output>
          </reporter-output>
        </test-method> <!-- testSearchWithDataProvider -->
        <test-method signature="testSearchWithDataProvider(java.lang.String,java.lang.String,java.lang.String,java.lang.String,java.lang.String)[pri:1, instance:tests.TC003_SearchTests@c8c12ac]" started-at="2026-02-08T18:46:04 GMT" name="testSearchWithDataProvider" data-provider="searchData" finished-at="2026-02-08T18:46:15 GMT" duration-ms="10608" status="PASS">
          <params>
            <param index="0">
              <value>
                <![CDATA[macbooken]]>
              </value>
            </param>
            <param index="1">
              <value>
                <![CDATA[no]]>
              </value>
            </param>
            <param index="2">
              <value>
                <![CDATA[Search - macbooken]]>
              </value>
            </param>
            <param index="3">
              <value>
                <![CDATA[https://tutorialsninja.com/demo/index.php?route=product/search&search=macbooken]]>
              </value>
            </param>
            <param index="4">
              <value>
                <![CDATA[There is no product that matches the search criteria.]]>
              </value>
            </param>
          </params>
          <reporter-output>
          </reporter-output>
        </test-method> <!-- testSearchWithDataProvider -->
        <test-method signature="testSearchWithDataProvider(java.lang.String,java.lang.String,java.lang.String,java.lang.String,java.lang.String)[pri:1, instance:tests.TC003_SearchTests@c8c12ac]" started-at="2026-02-08T18:46:15 GMT" name="testSearchWithDataProvider" data-provider="searchData" finished-at="2026-02-08T18:46:26 GMT" duration-ms="10519" status="PASS">
          <params>
            <param index="0">
              <value>
                <![CDATA[]]>
              </value>
            </param>
            <param index="1">
              <value>
                <![CDATA[no]]>
              </value>
            </param>
            <param index="2">
              <value>
                <![CDATA[Search]]>
              </value>
            </param>
            <param index="3">
              <value>
                <![CDATA[https://tutorialsninja.com/demo/index.php?route=product/search]]>
              </value>
            </param>
            <param index="4">
              <value>
                <![CDATA[There is no product that matches the search criteria.]]>
              </value>
            </param>
          </params>
          <reporter-output>
          </reporter-output>
        </test-method> <!-- testSearchWithDataProvider -->
        <test-method is-config="true" signature="tearDown()[pri:0, instance:tests.TC003_SearchTests@c8c12ac]" started-at="2026-02-08T18:46:26 GMT" name="tearDown" finished-at="2026-02-08T18:46:26 GMT" duration-ms="705" status="PASS">
          <reporter-output>
          </reporter-output>
        </test-method> <!-- tearDown -->
      </class> <!-- tests.TC003_SearchTests -->
      <class name="tests.TC001_RegistrationTests">
        <test-method is-config="true" signature="setUp(java.lang.String,java.lang.String)[pri:0, instance:tests.TC001_RegistrationTests@5158b42f]" started-at="2026-02-08T18:45:16 GMT" name="setUp" finished-at="2026-02-08T18:45:21 GMT" duration-ms="4695" status="PASS">
          <params>
            <param index="0">
              <value>
                <![CDATA[Linux]]>
              </value>
            </param>
            <param index="1">
              <value>
                <![CDATA[Firefox]]>
              </value>
            </param>
          </params>
          <reporter-output>
          </reporter-output>
        </test-method> <!-- setUp -->
        <test-method signature="testAccountRegistration()[pri:1, instance:tests.TC001_RegistrationTests@5158b42f]" started-at="2026-02-08T18:45:21 GMT" name="testAccountRegistration" finished-at="2026-02-08T18:45:33 GMT" duration-ms="12173" status="FAIL">
          <exception class="java.lang.AssertionError">
            <message>
              <![CDATA[Confirmation message not present. expected [true] but found [false]]]>
            </message>
            <full-stacktrace>
              <![CDATA[java.lang.AssertionError: Confirmation message not present. expected [true] but found [false]
at org.testng.Assert.fail(Assert.java:111)
at org.testng.Assert.failNotEquals(Assert.java:1590)
at org.testng.Assert.assertTrue(Assert.java:57)
at tests.TC001_RegistrationTests.testAccountRegistration(TC001_RegistrationTests.java:55)
at java.base/jdk.internal.reflect.DirectMethodHandleAccessor.invoke(DirectMethodHandleAccessor.java:103)
at java.base/java.lang.reflect.Method.invoke(Method.java:580)
at org.testng.internal.invokers.MethodInvocationHelper.invokeMethod(MethodInvocationHelper.java:141)
at org.testng.internal.invokers.TestInvoker.invokeMethod(TestInvoker.java:687)
at org.testng.internal.invokers.TestInvoker.invokeTestMethod(TestInvoker.java:230)
at org.testng.internal.invokers.MethodRunner.runInSequence(MethodRunner.java:63)
at org.testng.internal.invokers.TestInvoker$MethodInvocationAgent.invoke(TestInvoker.java:995)
at org.testng.internal.invokers.TestInvoker.invokeTestMethods(TestInvoker.java:203)
at org.testng.internal.invokers.TestMethodWorker.invokeTestMethods(TestMethodWorker.java:154)
at org.testng.internal.invokers.TestMethodWorker.run(TestMethodWorker.java:134)
at java.base/java.util.ArrayList.forEach(ArrayList.java:1596)
at org.testng.TestRunner.privateRun(TestRunner.java:741)
at org.testng.TestRunner.run(TestRunner.java:616)
at org.testng.SuiteRunner.runTest(SuiteRunner.java:421)
at org.testng.SuiteRunner.runSequentially(SuiteRunner.java:413)
at org.testng.SuiteRunner.privateRun(SuiteRunner.java:373)
at org.testng.SuiteRunner.run(SuiteRunner.java:312)
at org.testng.SuiteRunnerWorker.runSuite(SuiteRunnerWorker.java:52)
at org.testng.SuiteRunnerWorker.run(SuiteRunnerWorker.java:95)
at org.testng.TestNG.runSuitesSequentially(TestNG.java:1274)
at org.testng.TestNG.runSuitesLocally(TestNG.java:1208)
at org.testng.TestNG.runSuites(TestNG.java:1112)
at org.testng.TestNG.run(TestNG.java:1079)
at com.intellij.rt.testng.IDEARemoteTestNG.run(IDEARemoteTestNG.java:65)
at com.intellij.rt.testng.RemoteTestNGStarter.main(RemoteTestNGStarter.java:105)
]]>
            </full-stacktrace>
          </exception> <!-- java.lang.AssertionError -->
          <reporter-output>
          </reporter-output>
        </test-method> <!-- testAccountRegistration -->
        <test-method is-config="true" signature="tearDown()[pri:0, instance:tests.TC001_RegistrationTests@5158b42f]" started-at="2026-02-08T18:45:33 GMT" name="tearDown" finished-at="2026-02-08T18:45:34 GMT" duration-ms="750" status="PASS">
          <reporter-output>
          </reporter-output>
        </test-method> <!-- tearDown -->
      </class> <!-- tests.TC001_RegistrationTests -->
      <class name="tests.TC004_AddToCartTests">
        <test-method is-config="true" signature="setUp(java.lang.String,java.lang.String)[pri:0, instance:tests.TC004_AddToCartTests@72967906]" started-at="2026-02-08T18:46:26 GMT" name="setUp" finished-at="2026-02-08T18:46:30 GMT" duration-ms="3849" status="PASS">
          <params>
            <param index="0">
              <value>
                <![CDATA[Linux]]>
              </value>
            </param>
            <param index="1">
              <value>
                <![CDATA[Firefox]]>
              </value>
            </param>
          </params>
          <reporter-output>
          </reporter-output>
        </test-method> <!-- setUp -->
        <test-method signature="testAddToCartFromProductPage()[pri:1, instance:tests.TC004_AddToCartTests@72967906]" started-at="2026-02-08T18:46:30 GMT" name="testAddToCartFromProductPage" finished-at="2026-02-08T18:46:32 GMT" duration-ms="2165" status="PASS">
          <reporter-output>
          </reporter-output>
        </test-method> <!-- testAddToCartFromProductPage -->
        <test-method signature="testAddToCartFromSearchResultsPage()[pri:2, instance:tests.TC004_AddToCartTests@72967906]" started-at="2026-02-08T18:46:32 GMT" name="testAddToCartFromSearchResultsPage" finished-at="2026-02-08T18:46:34 GMT" duration-ms="1755" status="PASS">
          <reporter-output>
          </reporter-output>
        </test-method> <!-- testAddToCartFromSearchResultsPage -->
        <test-method is-config="true" signature="tearDown()[pri:0, instance:tests.TC004_AddToCartTests@72967906]" started-at="2026-02-08T18:46:34 GMT" name="tearDown" finished-at="2026-02-08T18:46:35 GMT" duration-ms="724" status="PASS">
          <reporter-output>
          </reporter-output>
        </test-method> <!-- tearDown -->
      </class> <!-- tests.TC004_AddToCartTests -->
      <class name="tests.TC002_LoginTests">
        <test-method is-config="true" signature="setUp(java.lang.String,java.lang.String)[pri:0, instance:tests.TC002_LoginTests@8f4ea7c]" started-at="2026-02-08T18:45:34 GMT" name="setUp" finished-at="2026-02-08T18:45:38 GMT" duration-ms="4102" status="PASS">
          <params>
            <param index="0">
              <value>
                <![CDATA[Linux]]>
              </value>
            </param>
            <param index="1">
              <value>
                <![CDATA[Firefox]]>
              </value>
            </param>
          </params>
          <reporter-output>
          </reporter-output>
        </test-method> <!-- setUp -->
        <test-method signature="testLoginWithValidCredentials()[pri:1, instance:tests.TC002_LoginTests@8f4ea7c]" started-at="2026-02-08T18:45:38 GMT" name="testLoginWithValidCredentials" finished-at="2026-02-08T18:45:50 GMT" duration-ms="11685" status="FAIL">
          <exception class="java.lang.AssertionError">
            <message>
              <![CDATA[The following asserts failed:
URL mismatch expected [https://tutorialsninja.com/demo/index.php?route=account/account] but found [https://tutorialsninja.com/demo/index.php?route=account/login],
Title mismatch expected [My Account] but found [Account Login],
My Account header not present expected [true] but found [false]]]>
            </message>
            <full-stacktrace>
              <![CDATA[java.lang.AssertionError: The following asserts failed:
URL mismatch expected [https://tutorialsninja.com/demo/index.php?route=account/account] but found [https://tutorialsninja.com/demo/index.php?route=account/login],
Title mismatch expected [My Account] but found [Account Login],
My Account header not present expected [true] but found [false]
at org.testng.asserts.SoftAssert.assertAll(SoftAssert.java:46)
at org.testng.asserts.SoftAssert.assertAll(SoftAssert.java:30)
at tests.TC002_LoginTests.testLoginWithValidCredentials(TC002_LoginTests.java:67)
at java.base/jdk.internal.reflect.DirectMethodHandleAccessor.invoke(DirectMethodHandleAccessor.java:103)
at java.base/java.lang.reflect.Method.invoke(Method.java:580)
at org.testng.internal.invokers.MethodInvocationHelper.invokeMethod(MethodInvocationHelper.java:141)
at org.testng.internal.invokers.TestInvoker.invokeMethod(TestInvoker.java:687)
at org.testng.internal.invokers.TestInvoker.invokeTestMethod(TestInvoker.java:230)
at org.testng.internal.invokers.MethodRunner.runInSequence(MethodRunner.java:63)
at org.testng.internal.invokers.TestInvoker$MethodInvocationAgent.invoke(TestInvoker.java:995)
at org.testng.internal.invokers.TestInvoker.invokeTestMethods(TestInvoker.java:203)
at org.testng.internal.invokers.TestMethodWorker.invokeTestMethods(TestMethodWorker.java:154)
at org.testng.internal.invokers.TestMethodWorker.run(TestMethodWorker.java:134)
at java.base/java.util.ArrayList.forEach(ArrayList.java:1596)
at org.testng.TestRunner.privateRun(TestRunner.java:741)
at org.testng.TestRunner.run(TestRunner.java:616)
at org.testng.SuiteRunner.runTest(SuiteRunner.java:421)
at org.testng.SuiteRunner.runSequentially(SuiteRunner.java:413)
at org.testng.SuiteRunner.privateRun(SuiteRunner.java:373)
at org.testng.SuiteRunner.run(SuiteRunner.java:312)
at org.testng.SuiteRunnerWorker.runSuite(SuiteRunnerWorker.java:52)
at org.testng.SuiteRunnerWorker.run(SuiteRunnerWorker.java:95)
at org.testng.TestNG.runSuitesSequentially(TestNG.java:1274)
at org.testng.TestNG.runSuitesLocally(TestNG.java:1208)
at org.testng.TestNG.runSuites(TestNG.java:1112)
at org.testng.TestNG.run(TestNG.java:1079)
at com.intellij.rt.testng.IDEARemoteTestNG.run(IDEARemoteTestNG.java:65)
at com.intellij.rt.testng.RemoteTestNGStarter.main(RemoteTestNGStarter.java:105)
]]>
            </full-stacktrace>
          </exception> <!-- java.lang.AssertionError -->
          <reporter-output>
          </reporter-output>
        </test-method> <!-- testLoginWithValidCredentials -->
        <test-method signature="testLoginWithInvalidCredentials(java.lang.String,java.lang.String,java.lang.String)[pri:2, instance:tests.TC002_LoginTests@8f4ea7c]" started-at="2026-02-08T18:45:50 GMT" name="testLoginWithInvalidCredentials" data-provider="invalidLoginData" finished-at="2026-02-08T18:45:52 GMT" duration-ms="1415" status="PASS">
          <params>
            <param index="0">
              <value>
                <![CDATA[emailo2@example.com]]>
              </value>
            </param>
            <param index="1">
              <value>
                <![CDATA[securePassword1235]]>
              </value>
            </param>
            <param index="2">
              <value>
                <![CDATA[Warning: No match for E-Mail Address and/or Password.]]>
              </value>
            </param>
          </params>
          <reporter-output>
          </reporter-output>
        </test-method> <!-- testLoginWithInvalidCredentials -->
        <test-method signature="testLoginWithInvalidCredentials(java.lang.String,java.lang.String,java.lang.String)[pri:2, instance:tests.TC002_LoginTests@8f4ea7c]" started-at="2026-02-08T18:45:52 GMT" name="testLoginWithInvalidCredentials" data-provider="invalidLoginData" finished-at="2026-02-08T18:45:55 GMT" duration-ms="2663" status="PASS">
          <params>
            <param index="0">
              <value>
                <![CDATA[notemailo1@example.com]]>
              </value>
            </param>
            <param index="1">
              <value>
                <![CDATA[securePassword1234]]>
              </value>
            </param>
            <param index="2">
              <value>
                <![CDATA[Warning: No match for E-Mail Address and/or Password.]]>
              </value>
            </param>
          </params>
          <reporter-output>
          </reporter-output>
        </test-method> <!-- testLoginWithInvalidCredentials -->
        <test-method signature="testLoginWithInvalidCredentials(java.lang.String,java.lang.String,java.lang.String)[pri:2, instance:tests.TC002_LoginTests@8f4ea7c]" started-at="2026-02-08T18:45:55 GMT" name="testLoginWithInvalidCredentials" data-provider="invalidLoginData" finished-at="2026-02-08T18:45:56 GMT" duration-ms="1542" status="PASS">
          <params>
            <param index="0">
              <value>
                <![CDATA[]]>
              </value>
            </param>
            <param index="1">
              <value>
                <![CDATA[securePassword1234]]>
              </value>
            </param>
            <param index="2">
              <value>
                <![CDATA[Warning: No match for E-Mail Address and/or Password.]]>
              </value>
            </param>
          </params>
          <reporter-output>
          </reporter-output>
        </test-method> <!-- testLoginWithInvalidCredentials -->
        <test-method signature="testLoginWithInvalidCredentials(java.lang.String,java.lang.String,java.lang.String)[pri:2, instance:tests.TC002_LoginTests@8f4ea7c]" started-at="2026-02-08T18:45:56 GMT" name="testLoginWithInvalidCredentials" data-provider="invalidLoginData" finished-at="2026-02-08T18:45:57 GMT" duration-ms="1430" status="PASS">
          <params>
            <param index="0">
              <value>
                <![CDATA[emailo3@example.com]]>
              </value>
            </param>
            <param index="1">
              <value>
                <![CDATA[]]>
              </value>
            </param>
            <param index="2">
              <value>
                <![CDATA[Warning: No match for E-Mail Address and/or Password.]]>
              </value>
            </param>
          </params>
          <reporter-output>
          </reporter-output>
        </test-method> <!-- testLoginWithInvalidCredentials -->
        <test-method signature="testLoginWithInvalidCredentials(java.lang.String,java.lang.String,java.lang.String)[pri:2, instance:tests.TC002_LoginTests@8f4ea7c]" started-at="2026-02-08T18:45:57 GMT" name="testLoginWithInvalidCredentials" data-provider="invalidLoginData" finished-at="2026-02-08T18:45:59 GMT" duration-ms="1149" status="PASS">
          <params>
            <param index="0">
              <value>
                <![CDATA[]]>
              </value>
            </param>
            <param index="1">
              <value>
                <![CDATA[]]>
              </value>
            </param>
            <param index="2">
              <value>
                <![CDATA[Warning: No match for E-Mail Address and/or Password.]]>
              </value>
            </param>
          </params>
          <reporter-output>
          </reporter-output>
        </test-method> <!-- testLoginWithInvalidCredentials -->
        <test-method is-config="true" signature="tearDown()[pri:0, instance:tests.TC002_LoginTests@8f4ea7c]" started-at="2026-02-08T18:45:59 GMT" name="tearDown" finished-at="2026-02-08T18:45:59 GMT" duration-ms="693" status="PASS">
          <reporter-output>
          </reporter-output>
        </test-method> <!-- tearDown -->
      </class> <!-- tests.TC002_LoginTests -->
    </test> <!-- MainTest-Firefox -->
  </suite> <!-- Suite -->
</testng-results>
